Arguments: 
  C:\Program Files\nodejs\node.exe C:\Program Files (x86)\Yarn\bin\yarn.js add @types/flakeid

PATH: 
  C:\Program Files\Git\mingw64\bin;C:\Program Files\Git\usr\bin;C:\Users\Matthieu\bin;C:\Python37\Scripts;C:\Python37;C:\Program Files (x86)\Common Files\Intel\Shared Libraries\redist\intel64_win\compiler;C:\Program Files\Java\jdk-11.0.4\bin;C:\Program Files (x86)\Common Files\Oracle\Java\javapath;C:\Program Files (x86)\Razer Chroma SDK\bin;C:\Program Files\Razer Chroma SDK\bin;C:\Program Files (x86)\Razer\ChromaBroadcast\bin;C:\Program Files\Razer\ChromaBroadcast\bin;C:\Windows\system32;C:\Windows;C:\Windows\System32\Wbem;C:\Windows\System32\WindowsPowerShell\v1.0;C:\Windows\System32\OpenSSH;C:\Program Files\dotnet;C:\Program Files\Microsoft SQL Server\130\Tools\Binn;C:\Program Files\Microsoft SQL Server\Client SDK\ODBC\170\Tools\Binn;C:\ProgramData\chocolatey\bin;C:\Program Files (x86)\Yarn\bin;C:\Program Files (x86)\Windows Kits\10\Windows Performance Toolkit;C:\Users\Matthieu\AppData\Local\Microsoft\WindowsApps;C:\Users\Matthieu\AppData\Local\Programs\Microsoft VS Code\bin;C:\Users\Matthieu\AppData\Roaming\npm;C:\Users\Matthieu\AppData\Local\Yarn\bin;C:\Users\Matthieu\.dotnet\tools;C:\Program Files (x86)\Bitvise SSH Client;C:\Program Files\ffmpeg\bin;C:\Program Files\CMake\bin;C:\Program Files\Git\cmd;C:\Program Files\erl10.3\bin;C:\Users\Matthieu\.mix\escripts;C:\WINDOWS\system32;C:\WINDOWS;C:\WINDOWS\System32\Wbem;C:\WINDOWS\System32\WindowsPowerShell\v1.0;C:\WINDOWS\System32\OpenSSH;C:\Program Files\Microsoft SQL Server\120\Tools\Binn;C:\Program Files\Common Files\Autodesk Shared;C:\Program Files (x86)\NVIDIA Corporation\PhysX\Common;C:\Program Files\NVIDIA Corporation\NVIDIA NvDLISR;C:\Go\bin;C:\Program Files\Memurai;C:\Flutter\bin;C:\Program Files\nodejs;C:\Program Files\Docker\Docker\resources\bin;C:\ProgramData\DockerDesktop\version-bin;C:\Users\Matthieu\.cargo\bin;C:\Users\Matthieu\Desktop\weebp-0.6.1-windows-x64;C:\Users\Matthieu\scoop\shims;C:\MinGW\mingw64\bin;C:\MinGW\bin;C:\Users\Matthieu\AppData\Local\Programs\Microsoft VS Code Insiders\bin;C:\Users\Matthieu\go\bin;C:\ProgramData\chocolatey\lib\msys2;C:\tools\msys64;C:\Users\Matthieu\AppData\Local\.meteor;C:\Program Files (x86)\Nmap;C:\Program Files (x86)\mitmproxy\bin

Yarn version: 
  1.15.2

Node version: 
  13.5.0

Platform: 
  win32 x64

Trace: 
  Error: https://registry.yarnpkg.com/@types%2fflakeid: Not found
      at Request.params.callback [as _callback] (C:\Program Files (x86)\Yarn\lib\cli.js:65167:18)
      at Request.self.callback (C:\Program Files (x86)\Yarn\lib\cli.js:129541:22)
      at Request.emit (events.js:305:20)
      at Request.<anonymous> (C:\Program Files (x86)\Yarn\lib\cli.js:130513:10)
      at Request.emit (events.js:305:20)
      at IncomingMessage.<anonymous> (C:\Program Files (x86)\Yarn\lib\cli.js:130435:12)
      at Object.onceWrapper (events.js:411:28)
      at IncomingMessage.emit (events.js:317:22)
      at endReadableNT (_stream_readable.js:1215:12)
      at processTicksAndRejections (internal/process/task_queues.js:84:21)

npm manifest: 
  {
    "name": "lavapod-websocket",
    "version": "1.0.0",
    "description": "Responsible of the websocket communication",
    "main": "index.js",
    "author": "Matthieu & UniX",
    "license": "MIT",
    "dependencies": {
      "@hapi/joi": "^17.1.0",
      "@types/ioredis": "^4.14.7",
      "@types/ws": "^7.2.1",
      "chalk": "^3.0.0",
      "flakeid": "^1.0.0",
      "ioredis": "^4.16.0",
      "moment": "^2.24.0",
      "nats": "^1.4.0",
      "ws": "^7.2.1"
    },
    "scripts": {
      "start": "tsc --project . && cd dist/ && node index",
      "build": "tsc --project ."
    }
  }

yarn manifest: 
  No manifest

Lockfile: 
  # THIS IS AN AUTOGENERATED FILE. DO NOT EDIT THIS FILE DIRECTLY.
  # yarn lockfile v1
  
  
  "@babel/runtime@^7.4.4":
    version "7.8.4"
    resolved "https://registry.yarnpkg.com/@babel/runtime/-/runtime-7.8.4.tgz#d79f5a2040f7caa24d53e563aad49cbc05581308"
    integrity sha512-neAp3zt80trRVBI1x0azq6c57aNBqYZH8KhMm3TaB7wEI5Q4A2SHfBHE8w9gOhI/lrqxtEbXZgQIrHP+wvSGwQ==
    dependencies:
      regenerator-runtime "^0.13.2"
  
  "@hapi/address@^4.0.0":
    version "4.0.0"
    resolved "https://registry.yarnpkg.com/@hapi/address/-/address-4.0.0.tgz#36affb4509b5a6adc628bcc394450f2a7d51d111"
    integrity sha512-GDDpkCdSUfkQCznmWUHh9dDN85BWf/V8TFKQ2JLuHdGB4Yy3YTEGBzZxoBNxfNBEvreSR/o+ZxBBSNNEVzY+lQ==
    dependencies:
      "@hapi/hoek" "^9.0.0"
  
  "@hapi/formula@^2.0.0":
    version "2.0.0"
    resolved "https://registry.yarnpkg.com/@hapi/formula/-/formula-2.0.0.tgz#edade0619ed58c8e4f164f233cda70211e787128"
    integrity sha512-V87P8fv7PI0LH7LiVi8Lkf3x+KCO7pQozXRssAHNXXL9L1K+uyu4XypLXwxqVDKgyQai6qj3/KteNlrqDx4W5A==
  
  "@hapi/hoek@^9.0.0":
    version "9.0.3"
    resolved "https://registry.yarnpkg.com/@hapi/hoek/-/hoek-9.0.3.tgz#e49e637d5de8faa4f0d313c2590b455d7c00afd7"
    integrity sha512-jKtjLLDiH95b002sJVc5c74PE6KKYftuyVdVmsuYId5stTaWcRFqE+5ukZI4gDUKjGn8wv2C3zPn3/nyjEI7gg==
  
  "@hapi/joi@^17.1.0":
    version "17.1.0"
    resolved "https://registry.yarnpkg.com/@hapi/joi/-/joi-17.1.0.tgz#cc4000b6c928a6a39b9bef092151b6bdee10ce55"
    integrity sha512-ob67RcPlwRWxBzLCnWvcwx5qbwf88I3ykD7gcJLWOTRfLLgosK7r6aeChz4thA3XRvuBfI0KB1tPVl2EQFlPXw==
    dependencies:
      "@hapi/address" "^4.0.0"
      "@hapi/formula" "^2.0.0"
      "@hapi/hoek" "^9.0.0"
      "@hapi/pinpoint" "^2.0.0"
      "@hapi/topo" "^5.0.0"
  
  "@hapi/pinpoint@^2.0.0":
    version "2.0.0"
    resolved "https://registry.yarnpkg.com/@hapi/pinpoint/-/pinpoint-2.0.0.tgz#805b40d4dbec04fc116a73089494e00f073de8df"
    integrity sha512-vzXR5MY7n4XeIvLpfl3HtE3coZYO4raKXW766R6DZw/6aLqR26iuZ109K7a0NtF2Db0jxqh7xz2AxkUwpUFybw==
  
  "@hapi/topo@^5.0.0":
    version "5.0.0"
    resolved "https://registry.yarnpkg.com/@hapi/topo/-/topo-5.0.0.tgz#c19af8577fa393a06e9c77b60995af959be721e7"
    integrity sha512-tFJlT47db0kMqVm3H4nQYgn6Pwg10GTZHb1pwmSiv1K4ks6drQOtfEF5ZnPjkvC+y4/bUPHK+bc87QvLcL+WMw==
    dependencies:
      "@hapi/hoek" "^9.0.0"
  
  "@types/color-name@^1.1.1":
    version "1.1.1"
    resolved "https://registry.yarnpkg.com/@types/color-name/-/color-name-1.1.1.tgz#1c1261bbeaa10a8055bbc5d8ab84b7b2afc846a0"
    integrity sha512-rr+OQyAjxze7GgWrSaJwydHStIhHq2lvY3BOC2Mj7KnzI7XK0Uw1TOOdI9lDoajEbSWLiYgoo4f1R51erQfhPQ==
  
  "@types/ioredis@^4.14.7":
    version "4.14.7"
    resolved "https://registry.yarnpkg.com/@types/ioredis/-/ioredis-4.14.7.tgz#a11d1b2102042efd61fb4e96e04299d2c29d0334"
    integrity sha512-PC0myxSTUm4m97YfD3Cn2s+7gajoUdM3Xh8JuULK7kftJOx7s3LfWWDPPVYAI96ADt+epQuu/qMa9yecIOL94A==
    dependencies:
      "@types/node" "*"
  
  "@types/node@*":
    version "13.7.4"
    resolved "https://registry.yarnpkg.com/@types/node/-/node-13.7.4.tgz#76c3cb3a12909510f52e5dc04a6298cdf9504ffd"
    integrity sha512-oVeL12C6gQS/GAExndigSaLxTrKpQPxewx9bOcwfvJiJge4rr7wNaph4J+ns5hrmIV2as5qxqN8YKthn9qh0jw==
  
  "@types/ws@^7.2.1":
    version "7.2.1"
    resolved "https://registry.yarnpkg.com/@types/ws/-/ws-7.2.1.tgz#b800f2b8aee694e2b581113643e20d79dd3b8556"
    integrity sha512-UEmRNbXFGvfs/sLncf01GuVv6U1mZP3Df0iXWx4kUlikJxbFyFADp95mDn1XDTE2mXpzzoHcKlfFcbytLq4vaA==
    dependencies:
      "@types/node" "*"
  
  ansi-styles@^4.1.0:
    version "4.2.1"
    resolved "https://registry.yarnpkg.com/ansi-styles/-/ansi-styles-4.2.1.tgz#90ae75c424d008d2624c5bf29ead3177ebfcf359"
    integrity sha512-9VGjrMsG1vePxcSweQsN20KY/c4zN0h9fLjqAbwbPfahM3t+NL+M9HC8xeXG2I8pX5NoamTGNuomEUFI7fcUjA==
    dependencies:
      "@types/color-name" "^1.1.1"
      color-convert "^2.0.1"
  
  chalk@^3.0.0:
    version "3.0.0"
    resolved "https://registry.yarnpkg.com/chalk/-/chalk-3.0.0.tgz#3f73c2bf526591f574cc492c51e2456349f844e4"
    integrity sha512-4D3B6Wf41KOYRFdszmDqMCGq5VV/uMAB273JILmO+3jAlh8X4qDtdtgCR3fxtbLEMzSx22QdhnDcJvu2u1fVwg==
    dependencies:
      ansi-styles "^4.1.0"
      supports-color "^7.1.0"
  
  cluster-key-slot@^1.1.0:
    version "1.1.0"
    resolved "https://registry.yarnpkg.com/cluster-key-slot/-/cluster-key-slot-1.1.0.tgz#30474b2a981fb12172695833052bc0d01336d10d"
    integrity sha512-2Nii8p3RwAPiFwsnZvukotvow2rIHM+yQ6ZcBXGHdniadkYGZYiGmkHJIbZPIV9nfv7m/U1IPMVVcAhoWFeklw==
  
  color-convert@^2.0.1:
    version "2.0.1"
    resolved "https://registry.yarnpkg.com/color-convert/-/color-convert-2.0.1.tgz#72d3a68d598c9bdb3af2ad1e84f21d896abd4de3"
    integrity sha512-RRECPsj7iu/xb5oKYcsFHSppFNnsj/52OVTRKb4zP5onXwVF3zVmmToNcOfGC+CRDpfK/U584fMg38ZHCaElKQ==
    dependencies:
      color-name "~1.1.4"
  
  color-name@~1.1.4:
    version "1.1.4"
    resolved "https://registry.yarnpkg.com/color-name/-/color-name-1.1.4.tgz#c2a09a87acbde69543de6f63fa3995c826c536a2"
    integrity sha512-dOy+3AuW3a2wNbZHIuMZpTcgjGuLU/uBL/ubcZF9OXbDo8ff4O8yVp5Bf0efS8uEoYo5q4Fx7dY9OgQGXgAsQA==
  
  debug@^4.1.1:
    version "4.1.1"
    resolved "https://registry.yarnpkg.com/debug/-/debug-4.1.1.tgz#3b72260255109c6b589cee050f1d516139664791"
    integrity sha512-pYAIzeRo8J6KPEaJ0VWOh5Pzkbw/RetuzehGM7QRRX5he4fPHx2rdKMB256ehJCkX+XRQm16eZLqLNS8RSZXZw==
    dependencies:
      ms "^2.1.1"
  
  denque@^1.1.0:
    version "1.4.1"
    resolved "https://registry.yarnpkg.com/denque/-/denque-1.4.1.tgz#6744ff7641c148c3f8a69c307e51235c1f4a37cf"
    integrity sha512-OfzPuSZKGcgr96rf1oODnfjqBFmr1DVoc/TrItj3Ohe0Ah1C5WX5Baquw/9U9KovnQ88EqmJbD66rKYUQYN1tQ==
  
  flakeid@^1.0.0:
    version "1.0.0"
    resolved "https://registry.yarnpkg.com/flakeid/-/flakeid-1.0.0.tgz#25f3586d29c1efce16e09a4df8a5b2eb7aa8d3cd"
    integrity sha512-R1Db+B3IyW69gGP/vwwHi7xNvKn4GlBTimRbXbyKzc+HXX4PFjvCS20mOUk0v7d3JrbCYjHJhJSaOLo8vje6Cw==
    dependencies:
      "@babel/runtime" "^7.4.4"
  
  has-flag@^4.0.0:
    version "4.0.0"
    resolved "https://registry.yarnpkg.com/has-flag/-/has-flag-4.0.0.tgz#944771fd9c81c81265c4d6941860da06bb59479b"
    integrity sha512-EykJT/Q1KjTWctppgIAgfSO0tKVuZUjhgMr17kqTumMl6Afv3EISleU7qZUzoXDFTAHTDC4NOoG/ZxU3EvlMPQ==
  
  ioredis@^4.16.0:
    version "4.16.0"
    resolved "https://registry.yarnpkg.com/ioredis/-/ioredis-4.16.0.tgz#44d51288e20da14e5b6f687b2db0312e69106556"
    integrity sha512-tlalhtuvnxXJNtrPjec1nGicuOCpi9ErYV/fRfwaWSzktX9ESrzHlcFwj1pVAL326E8dmt7h9pPQZyyVPPksRA==
    dependencies:
      cluster-key-slot "^1.1.0"
      debug "^4.1.1"
      denque "^1.1.0"
      lodash.defaults "^4.2.0"
      lodash.flatten "^4.4.0"
      redis-commands "1.5.0"
      redis-errors "^1.2.0"
      redis-parser "^3.0.0"
      standard-as-callback "^2.0.1"
  
  lodash.defaults@^4.2.0:
    version "4.2.0"
    resolved "https://registry.yarnpkg.com/lodash.defaults/-/lodash.defaults-4.2.0.tgz#d09178716ffea4dde9e5fb7b37f6f0802274580c"
    integrity sha1-0JF4cW/+pN3p5ft7N/bwgCJ0WAw=
  
  lodash.flatten@^4.4.0:
    version "4.4.0"
    resolved "https://registry.yarnpkg.com/lodash.flatten/-/lodash.flatten-4.4.0.tgz#f31c22225a9632d2bbf8e4addbef240aa765a61f"
    integrity sha1-8xwiIlqWMtK7+OSt2+8kCqdlph8=
  
  moment@^2.24.0:
    version "2.24.0"
    resolved "https://registry.yarnpkg.com/moment/-/moment-2.24.0.tgz#0d055d53f5052aa653c9f6eb68bb5d12bf5c2b5b"
    integrity sha512-bV7f+6l2QigeBBZSM/6yTNq4P2fNpSWj/0e7jQcy87A8e7o2nAfP/34/2ky5Vw4B9S446EtIhodAzkFCcR4dQg==
  
  ms@^2.1.1:
    version "2.1.2"
    resolved "https://registry.yarnpkg.com/ms/-/ms-2.1.2.tgz#d09d1f357b443f493382a8eb3ccd183872ae6009"
    integrity sha512-sGkPx+VjMtmA6MX27oA4FBFELFCZZ4S4XqeGOXCv68tT+jb3vk/RyaKWP0PTKyWtmLSM0b+adUTEvbs1PEaH2w==
  
  nats@^1.4.0:
    version "1.4.0"
    resolved "https://registry.yarnpkg.com/nats/-/nats-1.4.0.tgz#c6c5a1ab5ec0bec11c18038257d79e005b243fe1"
    integrity sha512-dsXZnBN6gFcgIcPLXF72LMaA8cC2edz8J01qRfR7uB4r77DJHaLGYwYsV47/KaUojuavk0agYwxkWbe2J5cGLQ==
    dependencies:
      nuid "^1.0.0"
      ts-nkeys "^1.0.8"
  
  nuid@^1.0.0:
    version "1.1.0"
    resolved "https://registry.yarnpkg.com/nuid/-/nuid-1.1.0.tgz#e0c5746350a25562f58283197f34c50861f44675"
    integrity sha512-C/JdZ6PtCqKsCEs4ni76nhBsdmuQgLAT/CTLNprkcLViDAnkk7qx5sSA8PVC2vmSsdBlSsFuGb52v6pwn1oaeg==
  
  redis-commands@1.5.0:
    version "1.5.0"
    resolved "https://registry.yarnpkg.com/redis-commands/-/redis-commands-1.5.0.tgz#80d2e20698fe688f227127ff9e5164a7dd17e785"
    integrity sha512-6KxamqpZ468MeQC3bkWmCB1fp56XL64D4Kf0zJSwDZbVLLm7KFkoIcHrgRvQ+sk8dnhySs7+yBg94yIkAK7aJg==
  
  redis-errors@^1.0.0, redis-errors@^1.2.0:
    version "1.2.0"
    resolved "https://registry.yarnpkg.com/redis-errors/-/redis-errors-1.2.0.tgz#eb62d2adb15e4eaf4610c04afe1529384250abad"
    integrity sha1-62LSrbFeTq9GEMBK/hUpOEJQq60=
  
  redis-parser@^3.0.0:
    version "3.0.0"
    resolved "https://registry.yarnpkg.com/redis-parser/-/redis-parser-3.0.0.tgz#b66d828cdcafe6b4b8a428a7def4c6bcac31c8b4"
    integrity sha1-tm2CjNyv5rS4pCin3vTGvKwxyLQ=
    dependencies:
      redis-errors "^1.0.0"
  
  regenerator-runtime@^0.13.2:
    version "0.13.3"
    resolved "https://registry.yarnpkg.com/regenerator-runtime/-/regenerator-runtime-0.13.3.tgz#7cf6a77d8f5c6f60eb73c5fc1955b2ceb01e6bf5"
    integrity sha512-naKIZz2GQ8JWh///G7L3X6LaQUAMp2lvb1rvwwsURe/VXwD6VMfr+/1NuNw3ag8v2kY1aQ/go5SNn79O9JU7yw==
  
  standard-as-callback@^2.0.1:
    version "2.0.1"
    resolved "https://registry.yarnpkg.com/standard-as-callback/-/standard-as-callback-2.0.1.tgz#ed8bb25648e15831759b6023bdb87e6b60b38126"
    integrity sha512-NQOxSeB8gOI5WjSaxjBgog2QFw55FV8TkS6Y07BiB3VJ8xNTvUYm0wl0s8ObgQ5NhdpnNfigMIKjgPESzgr4tg==
  
  supports-color@^7.1.0:
    version "7.1.0"
    resolved "https://registry.yarnpkg.com/supports-color/-/supports-color-7.1.0.tgz#68e32591df73e25ad1c4b49108a2ec507962bfd1"
    integrity sha512-oRSIpR8pxT1Wr2FquTNnGet79b3BWljqOuoW/h4oBhxJ/HUbX5nX6JSruTkvXDCFMwDPvsaTTbvMLKZWSy0R5g==
    dependencies:
      has-flag "^4.0.0"
  
  ts-nkeys@^1.0.8:
    version "1.0.14"
    resolved "https://registry.yarnpkg.com/ts-nkeys/-/ts-nkeys-1.0.14.tgz#3d4b61b6aa4fa952c649ecfafacdce1a4831ba57"
    integrity sha512-WIPykDjpnOvVn5zDNv1uu6o1+Uj+CXaQOM4Od6k2SRiUF4rmhjk7nAHC0mGrWjj0GxeQnwKQv++65qtm1O6kiA==
    dependencies:
      tweetnacl "^1.0.1"
  
  tweetnacl@^1.0.1:
    version "1.0.3"
    resolved "https://registry.yarnpkg.com/tweetnacl/-/tweetnacl-1.0.3.tgz#ac0af71680458d8a6378d0d0d050ab1407d35596"
    integrity sha512-6rt+RN7aOi1nGMyC4Xa5DdYiukl2UWCbcJft7YhxReBGQD7OAM8Pbxw6YMo4r2diNEA8FEmu32YOn9rhaiE5yw==
  
  ws@^7.2.1:
    version "7.2.1"
    resolved "https://registry.yarnpkg.com/ws/-/ws-7.2.1.tgz#03ed52423cd744084b2cf42ed197c8b65a936b8e"
    integrity sha512-sucePNSafamSKoOqoNfBd8V0StlkzJKL2ZAhGQinCfNQ+oacw+Pk7lcdAElecBF2VkLNZRiIb5Oi1Q5lVUVt2A==
